
****** PlanAhead v14.7
  **** Build 321239 by xbuild on Fri Sep 27 19:31:35 MDT 2013
    ** Copyright 1986-1999, 2001-2013 Xilinx, Inc. All Rights Reserved.

INFO: [Common 17-78] Attempting to get a license: PlanAhead
INFO: [Common 17-290] Got license for PlanAhead
INFO: [Device 21-36] Loading parts and site information from C:/Xilinx/14.7/ISE_DS/PlanAhead/data/parts/arch.xml
Parsing RTL primitives file [C:/Xilinx/14.7/ISE_DS/PlanAhead/data/parts/xilinx/rtl/prims/rtl_prims.xml]
Finished parsing RTL primitives file [C:/Xilinx/14.7/ISE_DS/PlanAhead/data/parts/xilinx/rtl/prims/rtl_prims.xml]
start_gui
source Y:/Desktop/SAOestCPU/pa.fromNetlist.tcl
# create_project -name SAOestCPU -dir "Y:/Desktop/SAOestCPU/planAhead_run_4" -part xc3s1200efg320-4
# set_property design_mode GateLvl [get_property srcset [current_run -impl]]
# set_property edif_top_file "Y:/Desktop/SAOestCPU/THINPAD_top.ngc" [ get_property srcset [ current_run ] ]
# add_files -norecurse { {Y:/Desktop/SAOestCPU} }
# set_param project.pinAheadLayout  yes
# set_property target_constrs_file "THINPAD_top.ucf" [current_fileset -constrset]
Adding file 'Y:/Desktop/SAOestCPU/THINPAD_top.ucf' to fileset 'constrs_1'
# add_files [list {THINPAD_top.ucf}] -fileset [get_property constrset [current_run]]
# link_design
Design is defaulting to srcset: sources_1
Design is defaulting to constrset: constrs_1
Design is defaulting to project part: xc3s1200efg320-4
Release 14.7 - ngc2edif P.20131013 (nt)
Copyright (c) 1995-2013 Xilinx, Inc.  All rights reserved.

Release 14.7 - ngc2edif P.20131013 (nt)
Copyright (c) 1995-2013 Xilinx, Inc.  All rights reserved.
Reading design THINPAD_top.ngc ...
WARNING:NetListWriters:298 - No output is written to THINPAD_top.xncf, ignored.
Processing design ...
   Preping design's networks ...
   Preping design's macros ...
  finished :Prep
Writing EDIF netlist file THINPAD_top.edif ...
ngc2edif: Total memory usage is 75760 kilobytes

Parsing EDIF File [./planAhead_run_4/SAOestCPU.data/cache/THINPAD_top_ngc_zx.edif]
Finished Parsing EDIF File [./planAhead_run_4/SAOestCPU.data/cache/THINPAD_top_ngc_zx.edif]
INFO: [Designutils 20-910] Reading macro library C:/Xilinx/14.7/ISE_DS/PlanAhead/data\./parts/xilinx/spartan3e/spartan3e/hd_int_macros.edn
Parsing EDIF File [C:/Xilinx/14.7/ISE_DS/PlanAhead/data\./parts/xilinx/spartan3e/spartan3e/hd_int_macros.edn]
Finished Parsing EDIF File [C:/Xilinx/14.7/ISE_DS/PlanAhead/data\./parts/xilinx/spartan3e/spartan3e/hd_int_macros.edn]
Loading clock regions from C:/Xilinx/14.7/ISE_DS/PlanAhead/data\parts/xilinx/spartan3e/spartan3e/xc3s1200e/ClockRegion.xml
Loading clock buffers from C:/Xilinx/14.7/ISE_DS/PlanAhead/data\parts/xilinx/spartan3e/spartan3e/xc3s1200e/ClockBuffers.xml
Loading package from C:/Xilinx/14.7/ISE_DS/PlanAhead/data\parts/xilinx/spartan3e/spartan3e/xc3s1200e/fg320/Package.xml
Loading io standards from C:/Xilinx/14.7/ISE_DS/PlanAhead/data\./parts/xilinx/spartan3e/IOStandards.xml
INFO: [Device 21-19] Loading pkg sso from C:/Xilinx/14.7/ISE_DS/PlanAhead/data\parts/xilinx/spartan3e/spartan3e/xc3s1200e/fg320/SSORules.xml
Loading list of drcs for the architecture : C:/Xilinx/14.7/ISE_DS/PlanAhead/data\./parts/xilinx/spartan3e/spartan3e/drc.xml
INFO: [Timing 38-77] Reading timing library C:/Xilinx/14.7/ISE_DS/PlanAhead/data\parts/xilinx/spartan3e/spartan3e/spartan3e-4.lib.
INFO: [Timing 38-34] Done reading timing library C:/Xilinx/14.7/ISE_DS/PlanAhead/data\parts/xilinx/spartan3e/spartan3e/spartan3e-4.lib.
Parsing UCF File [Y:/Desktop/SAOestCPU/THINPAD_top.ucf]
CRITICAL WARNING: [Constraints 18-11] Could not find net or pin 'clk_manual' [Y:/Desktop/SAOestCPU/THINPAD_top.ucf:146]
CRITICAL WARNING: [Constraints 18-11] Could not find net or pin 'clk_50M' [Y:/Desktop/SAOestCPU/THINPAD_top.ucf:147]
CRITICAL WARNING: [Constraints 18-11] Could not find net or pin 'clk_11M' [Y:/Desktop/SAOestCPU/THINPAD_top.ucf:151]
Finished Parsing UCF File [Y:/Desktop/SAOestCPU/THINPAD_top.ucf]
INFO: [Designutils 20-20] Invalid constraints found, use command 'write_ucf -constraints invalid <file>' to save all the invalid constraints to a file
INFO: [Project 1-111] Unisim Transformation Summary:
No Unisim elements were transformed.

Phase 0 | Netlist Checksum: 3bad1eb4
link_design: Time (s): elapsed = 00:00:09 . Memory (MB): peak = 525.715 ; gain = 77.734
set_property package_pin "" [get_ports [list  clk_VGA]]
exit
ERROR: [Common 17-39] 'stop_gui' failed due to earlier errors.
INFO: [Common 17-206] Exiting PlanAhead at Fri Dec 01 15:25:06 2017...
INFO: [Common 17-83] Releasing license: PlanAhead
