INFO:sim:172 - Generating IP...
Applying current project options...
Finished applying current project options.
Resolving generics for 'font'...
WARNING:sim - A core named 'font' already exists in the project. Output products
   for this core may be overwritten.
Applying external generics to 'font'...
Delivering associated files for 'font'...
Delivering EJava files for 'font'...
Generating implementation netlist for 'font'...
INFO:sim - Pre-processing HDL files for 'font'...
Running synthesis for 'font'
Running ngcbuild...
Writing VHO instantiation template for 'font'...
Writing VHDL behavioral simulation model for 'font'...
WARNING:sim - Overwriting existing file
   D:/jjj/SAOestCPU/ipcore_dir/tmp/_cg/font/doc/blk_mem_gen_v7_3_vinfo.html with
   file from view xilinx_documentation
Delivered 1 file into directory D:/jjj/SAOestCPU/ipcore_dir/tmp/_cg/font
Generating ASY schematic symbol...
INFO:sim:949 - Finished generation of ASY schematic symbol.
Generating SYM schematic symbol for 'font'...
Generating metadata file...
Regenerating ISE project file for 'font'...
Generating ISE project...
XCO file found: font.xco
XMDF file found: font_xmdf.tcl
Adding D:/jjj/SAOestCPU/ipcore_dir/tmp/_cg/font.asy -view all -origin_type
imported
Adding D:/jjj/SAOestCPU/ipcore_dir/tmp/_cg/font.ngc -view all -origin_type
created
Checking file "D:/jjj/SAOestCPU/ipcore_dir/tmp/_cg/font.ngc" for project device
match ...
File "D:/jjj/SAOestCPU/ipcore_dir/tmp/_cg/font.ngc" device information matches
project device.
Adding D:/jjj/SAOestCPU/ipcore_dir/tmp/_cg/font.sym -view all -origin_type
imported
Adding D:/jjj/SAOestCPU/ipcore_dir/tmp/_cg/font.vhd -view all -origin_type
created
INFO:HDLCompiler:1061 - Parsing VHDL file
   "D:/jjj/SAOestCPU/ipcore_dir/tmp/_cg/font.vhd" into library work
INFO:ProjectMgmt - Parsing design hierarchy completed successfully.
Adding D:/jjj/SAOestCPU/ipcore_dir/tmp/_cg/font.vho -view all -origin_type
imported
INFO:TclTasksC:2116 - The automatic calculation of top has been turned-off.
   Please set the new top explicitly by running the "project set top" command.
   To re-calculate the new top automatically, set the "Auto Implementation Top"
   property to true.
Top level has been set to "/font"
Generating README file...
Generating FLIST file...
INFO:sim:948 - Finished FLIST file generation.
Moving files to output directory...
Finished moving files to output directory
Wrote CGP file for project 'font'.
