#-----------------------------------------------------------
# PlanAhead v14.2
# Build 194362 by xbuild on Fri Jul 20 18:52:36 MDT 2012
# Start of session at: Thu Nov 30 17:28:21 2017
# Process ID: 11108
# Log file: C:/Users/Liyf/Desktop/CO/proj/THINPAD/SAOestCPU/planAhead_run_3/planAhead.log
# Journal file: C:/Users/Liyf/Desktop/CO/proj/THINPAD/SAOestCPU/planAhead_run_3/planAhead.jou
#-----------------------------------------------------------
INFO: [Common 17-78] Attempting to get a license: PlanAhead
INFO: [Common 17-290] Got license for PlanAhead
INFO: [Device 21-36] Loading parts and site information from C:/Develop/Xilinx/14.2/ISE_DS/PlanAhead/data/parts/arch.xml
Parsing RTL primitives file [C:/Develop/Xilinx/14.2/ISE_DS/PlanAhead/data/parts/xilinx/rtl/prims/rtl_prims.xml]
Finished parsing RTL primitives file [C:/Develop/Xilinx/14.2/ISE_DS/PlanAhead/data/parts/xilinx/rtl/prims/rtl_prims.xml]
start_gui
source C:/Users/Liyf/Desktop/CO/proj/THINPAD/SAOestCPU/pa.fromNetlist.tcl
# create_project -name SAOestCPU -dir "C:/Users/Liyf/Desktop/CO/proj/THINPAD/SAOestCPU/planAhead_run_3" -part xc3s1200efg320-4
Parsing template File [C:/Develop/Xilinx/14.2/ISE_DS/ISE/data/projnav/templates/verilog.xml].
Finished parsing template File [C:/Develop/Xilinx/14.2/ISE_DS/ISE/data/projnav/templates/verilog.xml].
Parsing template File [C:/Develop/Xilinx/14.2/ISE_DS/ISE/data/projnav/templates/vhdl.xml].
Finished parsing template File [C:/Develop/Xilinx/14.2/ISE_DS/ISE/data/projnav/templates/vhdl.xml].
Parsing template File [C:/Develop/Xilinx/14.2/ISE_DS/ISE/data/projnav/templates/ucf.xml].
Finished parsing template File [C:/Develop/Xilinx/14.2/ISE_DS/ISE/data/projnav/templates/ucf.xml].
# set_property design_mode GateLvl [get_property srcset [current_run -impl]]
# set_property edif_top_file "C:/Users/Liyf/Desktop/CO/proj/THINPAD/SAOestCPU/THINPAD_top.ngc" [ get_property srcset [ current_run ] ]
# add_files -norecurse { {C:/Users/Liyf/Desktop/CO/proj/THINPAD/SAOestCPU} {ipcore_dir} }
# add_files [list {ipcore_dir/DualRAM.ncf}] -fileset [get_property constrset [current_run]]
# set_param project.pinAheadLayout  yes
# set_property target_constrs_file "THINPAD_top.ucf" [current_fileset -constrset]
Adding file 'C:/Users/Liyf/Desktop/CO/proj/THINPAD/SAOestCPU/THINPAD_top.ucf' to fileset 'constrs_1'
# add_files [list {THINPAD_top.ucf}] -fileset [get_property constrset [current_run]]
# link_design
Design is defaulting to srcset: sources_1
Design is defaulting to constrset: constrs_1
Design is defaulting to project part: xc3s1200efg320-4
Release 14.2 - ngc2edif P.28xd (nt)
Copyright (c) 1995-2012 Xilinx, Inc.  All rights reserved.

Release 14.2 - ngc2edif P.28xd (nt)
Copyright (c) 1995-2012 Xilinx, Inc.  All rights reserved.
Reading design THINPAD_top.ngc ...
WARNING:NetListWriters:298 - No output is written to THINPAD_top.xncf, ignored.
Processing design ...
   Preping design's networks ...
   Preping design's macros ...
WARNING:NetListWriters:306 - Signal bus c_CPU/ex_DataA<14 : 0> on block
   THINPAD_top is not reconstructed, because there are some missing bus signals.
WARNING:NetListWriters:306 - Signal bus c_IOBridge/IOState<4 : 0> on block
   THINPAD_top is not reconstructed, because there are some missing bus signals.
WARNING:NetListWriters:306 - Signal bus
   c_IOBridge/Msub_s_GraphicMemAddr_16_addsub0000_Madd_cy<10 : 7> on block
   THINPAD_top is not reconstructed, because there are some missing bus signals.
WARNING:NetListWriters:306 - Signal bus s_Inst<15 : 11> on block THINPAD_top is
   not reconstructed, because there are some missing bus signals.
  finished :Prep
Writing EDIF netlist file THINPAD_top.edif ...
ngc2edif: Total memory usage is 116668 kilobytes

Parsing EDIF File [./planAhead_run_3/SAOestCPU.data/cache/THINPAD_top_ngc_d5e40a96.edif]
Finished Parsing EDIF File [./planAhead_run_3/SAOestCPU.data/cache/THINPAD_top_ngc_d5e40a96.edif]
